<?xml version="1.0" encoding="utf-8"?><testsuites name="pytest tests"><testsuite name="pytest" errors="0" failures="0" skipped="0" tests="31" time="15.041" timestamp="2026-05-22T20:21:14.727144+00:00" hostname="agent-env-1fa61fb6-cb73-468c-9736-4e293768a8cd"><testcase classname="backend.tests.test_audit_modules.TestAuth" name="test_login_sunf_admin" time="0.602" /><testcase classname="backend.tests.test_audit_modules.TestAdmissions" name="test_stats_admin_200" time="0.593" /><testcase classname="backend.tests.test_audit_modules.TestAdmissions" name="test_list_inquiries_admin_200" time="0.149" /><testcase classname="backend.tests.test_audit_modules.TestAdmissions" name="test_list_applications_admin_200" time="0.152" /><testcase classname="backend.tests.test_audit_modules.TestAdmissions" name="test_teacher_inquiries_403" time="0.489" /><testcase classname="backend.tests.test_audit_modules.TestAdmissions" name="test_full_crud_admission" time="0.751" /><testcase classname="backend.tests.test_audit_modules.TestHealth" name="test_stats_admin_200" time="0.118" /><testcase classname="backend.tests.test_audit_modules.TestHealth" name="test_stats_teacher_200" time="0.141" /><testcase classname="backend.tests.test_audit_modules.TestHealth" name="test_get_or_create_record" time="0.360" /><testcase classname="backend.tests.test_audit_modules.TestHealth" name="test_cross_tenant_student_404" time="0.649" /><testcase classname="backend.tests.test_audit_modules.TestHealth" name="test_append_and_delete_vaccination" time="0.438" /><testcase classname="backend.tests.test_audit_modules.TestHealth" name="test_append_allergy" time="0.141" /><testcase classname="backend.tests.test_audit_modules.TestHealth" name="test_append_visit" time="0.165" /><testcase classname="backend.tests.test_audit_modules.TestHealth" name="test_parent_403" time="0.131" /><testcase classname="backend.tests.test_audit_modules.TestDiscipline" name="test_stats_200" time="0.109" /><testcase classname="backend.tests.test_audit_modules.TestDiscipline" name="test_list_admin_200" time="0.137" /><testcase classname="backend.tests.test_audit_modules.TestDiscipline" name="test_list_teacher_200" time="0.167" /><testcase classname="backend.tests.test_audit_modules.TestDiscipline" name="test_create_with_same_school_student" time="0.138" /><testcase classname="backend.tests.test_audit_modules.TestDiscipline" name="test_create_with_cross_tenant_student_404" time="0.112" /><testcase classname="backend.tests.test_audit_modules.TestDiscipline" name="test_update" time="0.112" /><testcase classname="backend.tests.test_audit_modules.TestDiscipline" name="test_teacher_delete_403" time="0.125" /><testcase classname="backend.tests.test_audit_modules.TestDiscipline" name="test_admin_delete_200" time="0.122" /><testcase classname="backend.tests.test_audit_modules.TestEnrollment" name="test_preview_known_year" time="0.133" /><testcase classname="backend.tests.test_audit_modules.TestEnrollment" name="test_preview_empty_year" time="0.107" /><testcase classname="backend.tests.test_audit_modules.TestEnrollment" name="test_execute_no_change_no_side_effect" time="7.230" /><testcase classname="backend.tests.test_audit_modules.TestSchoolsRBAC" name="test_admin_lists_only_own_school" time="0.110" /><testcase classname="backend.tests.test_audit_modules.TestSchoolsRBAC" name="test_superuser_lists_all" time="0.448" /><testcase classname="backend.tests.test_audit_modules.TestSchoolsRBAC" name="test_admin_other_school_get_403" time="0.303" /><testcase classname="backend.tests.test_audit_modules.TestSchoolsRBAC" name="test_admin_same_school_subjects_200" time="0.279" /><testcase classname="backend.tests.test_audit_modules.TestSchoolsRBAC" name="test_admin_cross_school_subjects_403" time="0.265" /><testcase classname="backend.tests.test_audit_modules.TestSchoolsRBAC" name="test_report_templates_cross_tenant_403" time="0.121" /></testsuite></testsuites>