<?xml version="1.0" encoding="utf-8"?><testsuites name="pytest tests"><testsuite name="pytest" errors="0" failures="0" skipped="0" tests="15" time="7.523" timestamp="2026-02-27T22:20:05.255385+00:00" hostname="agent-env-0d4da859-4f74-42bc-9569-114a06dd5435"><testcase classname="backend.tests.test_canvas_template.TestCanvasTemplateAPI" name="test_health_check" time="0.495" /><testcase classname="backend.tests.test_canvas_template.TestCanvasTemplateAPI" name="test_get_template_for_mhps" time="0.434" /><testcase classname="backend.tests.test_canvas_template.TestCanvasTemplateAPI" name="test_template_has_canvas_fields" time="0.413" /><testcase classname="backend.tests.test_canvas_template.TestCanvasTemplateAPI" name="test_put_template_with_canvas_elements" time="0.448" /><testcase classname="backend.tests.test_canvas_template.TestCanvasTemplateAPI" name="test_get_template_returns_saved_canvas_elements" time="0.716" /><testcase classname="backend.tests.test_canvas_template.TestCanvasTemplateAPI" name="test_canvas_element_types_supported" time="0.527" /><testcase classname="backend.tests.test_canvas_template.TestCanvasTemplateAPI" name="test_paper_size_options" time="0.631" /><testcase classname="backend.tests.test_canvas_template.TestCanvasTemplateAPI" name="test_background_url_field" time="0.523" /><testcase classname="backend.tests.test_canvas_template.TestCanvasTemplateAPI" name="test_grades_table_config_fields" time="0.524" /><testcase classname="backend.tests.test_canvas_template.TestCanvasTemplateAPI" name="test_template_requires_authentication" time="0.562" /><testcase classname="backend.tests.test_canvas_template.TestCanvasTemplateAPI" name="test_backward_compatibility_flat_fields" time="0.437" /><testcase classname="backend.tests.test_canvas_template.TestBackgroundUploadEndpoint" name="test_upload_endpoint_exists" time="0.441" /><testcase classname="backend.tests.test_canvas_template.TestBackgroundUploadEndpoint" name="test_upload_requires_superuser" time="0.356" /><testcase classname="backend.tests.test_canvas_template.TestDesignModeDispatch" name="test_design_mode_canvas" time="0.487" /><testcase classname="backend.tests.test_canvas_template.TestDesignModeDispatch" name="test_design_mode_blocks" time="0.458" /></testsuite></testsuites>