<?xml version="1.0" encoding="utf-8"?><testsuites name="pytest tests"><testsuite name="pytest" errors="0" failures="0" skipped="0" tests="27" time="45.736" timestamp="2026-05-25T01:35:28.747776+00:00" hostname="agent-env-1fa61fb6-cb73-468c-9736-4e293768a8cd"><testcase classname="backend.tests.test_lumina_enhancements.TestForgotResetPassword" name="test_forgot_password_known_user_200" time="0.164" /><testcase classname="backend.tests.test_lumina_enhancements.TestForgotResetPassword" name="test_forgot_password_unknown_user_same_message" time="0.140" /><testcase classname="backend.tests.test_lumina_enhancements.TestForgotResetPassword" name="test_reset_password_invalid_token_400" time="0.111" /><testcase classname="backend.tests.test_lumina_enhancements.TestForgotResetPassword" name="test_reset_password_short_400_then_valid_200_then_restore" time="2.728" /><testcase classname="backend.tests.test_lumina_enhancements.TestAuditLogs" name="test_audit_log_admin_200" time="0.459" /><testcase classname="backend.tests.test_lumina_enhancements.TestAuditLogs" name="test_audit_log_teacher_403" time="0.466" /><testcase classname="backend.tests.test_lumina_enhancements.TestAuditLogs" name="test_student_create_update_delete_audit_rows" time="0.446" /><testcase classname="backend.tests.test_lumina_enhancements.TestGradebookLock" name="test_teacher_can_lock" time="0.844" /><testcase classname="backend.tests.test_lumina_enhancements.TestGradebookLock" name="test_upsert_after_lock_403" time="0.109" /><testcase classname="backend.tests.test_lumina_enhancements.TestGradebookLock" name="test_teacher_unlock_403" time="0.129" /><testcase classname="backend.tests.test_lumina_enhancements.TestGradebookLock" name="test_admin_unlock_then_upsert_works" time="0.213" /><testcase classname="backend.tests.test_lumina_enhancements.TestGradebookDistribution" name="test_distribution_200" time="0.121" /><testcase classname="backend.tests.test_lumina_enhancements.TestGradebookDistribution" name="test_distribution_teacher_other_class_403" time="1.035" /><testcase classname="backend.tests.test_lumina_enhancements.TestReportCardLock" name="test_admin_lock_unlock_and_list" time="0.502" /><testcase classname="backend.tests.test_lumina_enhancements.TestReportCardLock" name="test_teacher_lock_403" time="0.223" /><testcase classname="backend.tests.test_lumina_enhancements.TestAttendanceSummary" name="test_summary_admin" time="0.271" /><testcase classname="backend.tests.test_lumina_enhancements.TestAttendanceSummary" name="test_summary_bad_month_400" time="0.234" /><testcase classname="backend.tests.test_lumina_enhancements.TestAttendanceSummary" name="test_cross_tenant_404" time="0.283" /><testcase classname="backend.tests.test_lumina_enhancements.TestAttendanceSummary" name="test_teacher_other_class_403" time="0.374" /><testcase classname="backend.tests.test_lumina_enhancements.TestAdmissionsConvert" name="test_convert_and_idempotent" time="15.804" /><testcase classname="backend.tests.test_lumina_enhancements.TestRegression" name="test_existing_endpoints_still_work[/health]" time="20.159" /><testcase classname="backend.tests.test_lumina_enhancements.TestRegression" name="test_existing_endpoints_still_work[/students]" time="0.239" /><testcase classname="backend.tests.test_lumina_enhancements.TestRegression" name="test_existing_endpoints_still_work[/classes]" time="0.108" /><testcase classname="backend.tests.test_lumina_enhancements.TestRegression" name="test_existing_endpoints_still_work[/attendance]" time="0.147" /><testcase classname="backend.tests.test_lumina_enhancements.TestRegression" name="test_existing_endpoints_still_work[/gradebook]" time="0.133" /><testcase classname="backend.tests.test_lumina_enhancements.TestRegression" name="test_existing_endpoints_still_work[/discipline]" time="0.107" /><testcase classname="backend.tests.test_lumina_enhancements.TestRegression" name="test_existing_endpoints_still_work[/enrollment/preview?from_year=2025-2026&amp;to_year=2026-2027]" time="0.106" /></testsuite></testsuites>