<?xml version="1.0" encoding="utf-8"?><testsuites name="pytest tests"><testsuite name="pytest" errors="0" failures="0" skipped="0" tests="25" time="13.948" timestamp="2026-02-01T04:11:44.284307+00:00" hostname="agent-env-50df3ff4-eb83-4cec-ab36-c48d32a59a83"><testcase classname="backend.tests.test_multitenancy.TestHealthCheck" name="test_api_health" time="0.079" /><testcase classname="backend.tests.test_multitenancy.TestLoginWithSchoolCode" name="test_login_wps_admin" time="0.280" /><testcase classname="backend.tests.test_multitenancy.TestLoginWithSchoolCode" name="test_login_superuser_own_school" time="0.283" /><testcase classname="backend.tests.test_multitenancy.TestLoginWithSchoolCode" name="test_login_superuser_cross_school" time="0.610" /><testcase classname="backend.tests.test_multitenancy.TestLoginWithSchoolCode" name="test_login_invalid_school_code" time="0.045" /><testcase classname="backend.tests.test_multitenancy.TestLoginWithSchoolCode" name="test_login_invalid_credentials" time="0.043" /><testcase classname="backend.tests.test_multitenancy.TestSchoolsCRUD" name="test_superuser_can_list_schools" time="1.369" /><testcase classname="backend.tests.test_multitenancy.TestSchoolsCRUD" name="test_superuser_can_create_school" time="0.332" /><testcase classname="backend.tests.test_multitenancy.TestSchoolsCRUD" name="test_superuser_can_update_school" time="0.401" /><testcase classname="backend.tests.test_multitenancy.TestSchoolsCRUD" name="test_superuser_can_delete_school" time="0.367" /><testcase classname="backend.tests.test_multitenancy.TestSchoolsCRUD" name="test_cannot_delete_jtech_school" time="0.403" /><testcase classname="backend.tests.test_multitenancy.TestDataSegregation" name="test_students_segregated_by_school" time="1.019" /><testcase classname="backend.tests.test_multitenancy.TestDataSegregation" name="test_classes_segregated_by_school" time="0.995" /><testcase classname="backend.tests.test_multitenancy.TestUsersCRUD" name="test_ensure_wps_school_and_admin" time="0.629" /><testcase classname="backend.tests.test_multitenancy.TestUsersCRUD" name="test_admin_can_create_teacher" time="1.188" /><testcase classname="backend.tests.test_multitenancy.TestUsersCRUD" name="test_admin_can_create_parent" time="0.833" /><testcase classname="backend.tests.test_multitenancy.TestStudentsCRUD" name="test_create_student" time="0.645" /><testcase classname="backend.tests.test_multitenancy.TestStudentsCRUD" name="test_read_students" time="0.678" /><testcase classname="backend.tests.test_multitenancy.TestStudentsCRUD" name="test_update_student" time="0.713" /><testcase classname="backend.tests.test_multitenancy.TestStudentsCRUD" name="test_delete_student" time="0.717" /><testcase classname="backend.tests.test_multitenancy.TestClassesCRUD" name="test_create_class" time="0.321" /><testcase classname="backend.tests.test_multitenancy.TestClassesCRUD" name="test_read_classes" time="0.322" /><testcase classname="backend.tests.test_multitenancy.TestDashboardStats" name="test_dashboard_stats_superuser" time="0.317" /><testcase classname="backend.tests.test_multitenancy.TestDashboardStats" name="test_dashboard_stats_school_context" time="0.315" /><testcase classname="backend.tests.test_multitenancy.TestCleanup" name="test_cleanup_test_data" time="0.788" /></testsuite></testsuites>