<?xml version="1.0" encoding="utf-8"?><testsuites name="pytest tests"><testsuite name="pytest" errors="0" failures="0" skipped="0" tests="12" time="5.949" timestamp="2026-02-20T14:54:30.953749+00:00" hostname="agent-env-0d4da859-4f74-42bc-9569-114a06dd5435"><testcase classname="backend.tests.test_new_features.TestHealthCheck" name="test_health_endpoint" time="0.202" /><testcase classname="backend.tests.test_new_features.TestAuthentication" name="test_superuser_login" time="0.381" /><testcase classname="backend.tests.test_new_features.TestCSVExportEndpoints" name="test_students_template_download" time="0.592" /><testcase classname="backend.tests.test_new_features.TestCSVExportEndpoints" name="test_teachers_template_download" time="0.499" /><testcase classname="backend.tests.test_new_features.TestSignaturesEndpoints" name="test_get_signatures" time="0.501" /><testcase classname="backend.tests.test_new_features.TestSignaturesEndpoints" name="test_signature_upload_invalid_type" time="0.567" /><testcase classname="backend.tests.test_new_features.TestSocialSkillsEndpoints" name="test_save_social_skills" time="0.512" /><testcase classname="backend.tests.test_new_features.TestSocialSkillsEndpoints" name="test_get_social_skills" time="0.480" /><testcase classname="backend.tests.test_new_features.TestGradeBugFix" name="test_grading_scheme_endpoint" time="0.525" /><testcase classname="backend.tests.test_new_features.TestCSVImportEndpoints" name="test_import_students_no_file" time="0.515" /><testcase classname="backend.tests.test_new_features.TestCSVImportEndpoints" name="test_import_teachers_no_file" time="0.500" /><testcase classname="backend.tests.test_new_features.TestReportCardsEndpoint" name="test_report_cards_class_endpoint" time="0.608" /></testsuite></testsuites>