<?xml version="1.0" encoding="utf-8"?><testsuites name="pytest tests"><testsuite name="pytest" errors="0" failures="2" skipped="0" tests="12" time="6.226" timestamp="2026-02-20T14:53:40.844305+00:00" hostname="agent-env-0d4da859-4f74-42bc-9569-114a06dd5435"><testcase classname="backend.tests.test_new_features.TestHealthCheck" name="test_health_endpoint" time="0.154" /><testcase classname="backend.tests.test_new_features.TestAuthentication" name="test_superuser_login" time="0.554" /><testcase classname="backend.tests.test_new_features.TestCSVExportEndpoints" name="test_students_template_download" time="0.644" /><testcase classname="backend.tests.test_new_features.TestCSVExportEndpoints" name="test_teachers_template_download" time="0.599" /><testcase classname="backend.tests.test_new_features.TestSignaturesEndpoints" name="test_get_signatures" time="0.538" /><testcase classname="backend.tests.test_new_features.TestSignaturesEndpoints" name="test_signature_upload_invalid_type" time="0.527" /><testcase classname="backend.tests.test_new_features.TestSocialSkillsEndpoints" name="test_save_social_skills" time="0.496" /><testcase classname="backend.tests.test_new_features.TestSocialSkillsEndpoints" name="test_get_social_skills" time="0.506" /><testcase classname="backend.tests.test_new_features.TestGradeBugFix" name="test_grading_scheme_endpoint" time="0.520"><failure message="AssertionError: Grade B+ not found in scheme&#10;assert 'B+' in ['A+', 'A', 'A-', 'B', 'B-', 'C', ...]">backend/tests/test_new_features.py:216: in test_grading_scheme_endpoint
    assert grade in grades_found, f"Grade {grade} not found in scheme"
E   AssertionError: Grade B+ not found in scheme
E   assert 'B+' in ['A+', 'A', 'A-', 'B', 'B-', 'C', ...]</failure></testcase><testcase classname="backend.tests.test_new_features.TestCSVImportEndpoints" name="test_import_students_no_file" time="0.519" /><testcase classname="backend.tests.test_new_features.TestCSVImportEndpoints" name="test_import_teachers_no_file" time="0.541" /><testcase classname="backend.tests.test_new_features.TestReportCardsEndpoint" name="test_report_cards_class_endpoint" time="0.485"><failure message="assert 404 == 200&#10; +  where 404 = &lt;Response [404]&gt;.status_code">backend/tests/test_new_features.py:273: in test_report_cards_class_endpoint
    assert response.status_code == 200
E   assert 404 == 200
E    +  where 404 = &lt;Response [404]&gt;.status_code</failure></testcase></testsuite></testsuites>