<?xml version="1.0" encoding="utf-8"?><testsuites name="pytest tests"><testsuite name="pytest" errors="0" failures="1" skipped="1" tests="14" time="6.056" timestamp="2026-02-20T15:22:46.654104+00:00" hostname="agent-env-0d4da859-4f74-42bc-9569-114a06dd5435"><testcase classname="backend.tests.test_report_templates.TestHealthCheck" name="test_health_endpoint" time="0.213" /><testcase classname="backend.tests.test_report_templates.TestSuperuserAuthentication" name="test_superuser_login" time="0.391" /><testcase classname="backend.tests.test_report_templates.TestReportTemplateAPI" name="test_get_mhps_template" time="0.496" /><testcase classname="backend.tests.test_report_templates.TestReportTemplateAPI" name="test_get_wps_template" time="0.561" /><testcase classname="backend.tests.test_report_templates.TestReportTemplateAPI" name="test_update_wps_template" time="0.787" /><testcase classname="backend.tests.test_report_templates.TestReportTemplateAPI" name="test_template_auto_creation_on_school_access" time="0.542" /><testcase classname="backend.tests.test_report_templates.TestReportTemplateAPI" name="test_template_returns_404_for_invalid_school" time="0.541" /><testcase classname="backend.tests.test_report_templates.TestSchoolsAPI" name="test_get_schools_list" time="0.490" /><testcase classname="backend.tests.test_report_templates.TestImportExportPage" name="test_export_students_template" time="0.508" /><testcase classname="backend.tests.test_report_templates.TestImportExportPage" name="test_export_teachers_template" time="0.577" /><testcase classname="backend.tests.test_report_templates.TestGradingScheme" name="test_get_grading_scheme" time="0.610" /><testcase classname="backend.tests.test_report_templates.TestGradeBugFix" name="test_grade_scale_boundaries" time="0.001"><failure message="AssertionError: Score 79.5 should be B, got A-&#10;assert 'A-' == 'B'&#10;  &#10;  - B&#10;  + A-">backend/tests/test_report_templates.py:293: in test_grade_scale_boundaries
    assert result == expected_grade, f"Score {score} should be {expected_grade}, got {result}"
E   AssertionError: Score 79.5 should be B, got A-
E   assert 'A-' == 'B'
E     
E     - B
E     + A-</failure></testcase><testcase classname="backend.tests.test_report_templates.TestTemplatePermissions" name="test_template_requires_auth" time="0.130" /><testcase classname="backend.tests.test_report_templates.TestTemplatePermissions" name="test_template_update_requires_superuser" time="0.109"><skipped type="pytest.skip" message="WPS admin login failed - skipping permission test">/app/backend/tests/test_report_templates.py:311: WPS admin login failed - skipping permission test</skipped></testcase></testsuite></testsuites>