<?xml version="1.0" encoding="utf-8"?><testsuites name="pytest tests"><testsuite name="pytest" errors="0" failures="0" skipped="0" tests="13" time="1.956" timestamp="2026-02-27T22:04:22.888084+00:00" hostname="agent-env-0d4da859-4f74-42bc-9569-114a06dd5435"><testcase classname="backend.tests.test_wysiwyg_template.TestWYSIWYGTemplateAPI" name="test_health_check" time="0.159" /><testcase classname="backend.tests.test_wysiwyg_template.TestWYSIWYGTemplateAPI" name="test_get_template_returns_blocks_and_theme" time="0.507" /><testcase classname="backend.tests.test_wysiwyg_template.TestWYSIWYGTemplateAPI" name="test_blocks_structure" time="0.064" /><testcase classname="backend.tests.test_wysiwyg_template.TestWYSIWYGTemplateAPI" name="test_block_types_present" time="0.059" /><testcase classname="backend.tests.test_wysiwyg_template.TestWYSIWYGTemplateAPI" name="test_grades_table_block_config" time="0.073" /><testcase classname="backend.tests.test_wysiwyg_template.TestWYSIWYGTemplateAPI" name="test_social_skills_block_config" time="0.055" /><testcase classname="backend.tests.test_wysiwyg_template.TestWYSIWYGTemplateAPI" name="test_school_header_block_config" time="0.066" /><testcase classname="backend.tests.test_wysiwyg_template.TestWYSIWYGTemplateAPI" name="test_theme_presets_colors" time="0.057" /><testcase classname="backend.tests.test_wysiwyg_template.TestWYSIWYGTemplateAPI" name="test_save_template_with_blocks_and_theme" time="0.239" /><testcase classname="backend.tests.test_wysiwyg_template.TestWYSIWYGTemplateAPI" name="test_block_visibility_toggle" time="0.229" /><testcase classname="backend.tests.test_wysiwyg_template.TestWYSIWYGTemplateAPI" name="test_custom_block_can_be_added" time="0.229" /><testcase classname="backend.tests.test_wysiwyg_template.TestWYSIWYGTemplateAPI" name="test_backward_compatibility_flat_fields" time="0.053" /><testcase classname="backend.tests.test_wysiwyg_template.TestWYSIWYGTemplateAPI" name="test_template_requires_auth" time="0.113" /></testsuite></testsuites>